number,value,datetime_start,datetime_complete,duration,params_batch_size,params_dim,params_dropout,params_ffn_ratio,params_head_dropout,params_large_size,params_learning_rate,params_num_blocks,params_patch_size,params_patch_stride,params_revin,params_seq_len,params_small_size,state
0,0.0770479366183281,2026-07-06 17:51:57.155924,2026-07-06 17:52:11.311275,0 days 00:00:14.155351,64,64,0.291852008161989,3,0.23815673679605814,27,0.00035763762396944974,1,4,4,1,35,7,COMPLETE
1,inf,2026-07-06 17:52:11.339563,2026-07-06 17:52:21.818453,0 days 00:00:10.478890,512,32,0.19434974952326384,3,0.32380707175110435,27,0.00350668976908996,1,16,4,1,70,7,COMPLETE
2,0.07505878061056137,2026-07-06 17:52:21.836700,2026-07-06 17:52:42.129563,0 days 00:00:20.292863,64,32,0.41163895494390906,2,0.27845522191686917,31,0.0014305501212271464,1,16,4,1,35,5,COMPLETE
3,0.5923169851303101,2026-07-06 17:52:42.159309,2026-07-06 17:53:05.568576,0 days 00:00:23.409267,256,128,0.3285813938142824,4,0.3759621314792384,51,1.5938434604644592e-05,2,8,4,0,70,7,COMPLETE
4,0.07744912058115005,2026-07-06 17:53:05.606888,2026-07-06 17:53:39.396270,0 days 00:00:33.789382,128,256,0.36812940779127545,4,0.0638611079970961,31,0.0006739423525182524,2,16,2,0,180,5,COMPLETE
5,0.15073162317276,2026-07-06 17:53:39.412896,2026-07-06 17:54:01.937771,0 days 00:00:22.524875,256,64,0.374526061545389,2,0.14621593305583735,27,0.00010681155397985272,3,8,4,0,180,5,COMPLETE
6,0.3513050079345703,2026-07-06 17:54:01.954595,2026-07-06 17:54:22.546202,0 days 00:00:20.591607,128,128,0.11064386357544315,4,0.39791512970814935,31,4.199840739184541e-05,1,8,2,0,35,5,COMPLETE
7,0.3106022775173187,2026-07-06 17:54:22.563316,2026-07-06 17:54:48.847445,0 days 00:00:26.284129,128,128,0.03024048018544978,4,0.38139464821825203,31,2.694702095461319e-05,2,8,8,0,180,3,COMPLETE
8,0.33834490180015564,2026-07-06 17:54:48.864380,2026-07-06 17:55:28.314748,0 days 00:00:39.450368,128,128,0.03839956196147254,3,0.4198591726758106,13,7.463254342348514e-05,3,4,2,0,180,5,COMPLETE
9,inf,2026-07-06 17:55:28.331906,2026-07-06 17:56:02.231437,0 days 00:00:33.899531,512,256,0.2609338345171348,2,0.3136205753132437,27,0.0006257461452214479,3,32,2,0,35,3,COMPLETE
10,0.07965636998414993,2026-07-06 17:56:02.283332,2026-07-06 17:56:25.437906,0 days 00:00:23.154574,64,32,0.49436162477214607,1,0.4953795939149921,13,0.005094586577780977,2,16,8,1,22,5,COMPLETE
11,0.07581930607557297,2026-07-06 17:56:25.454250,2026-07-06 17:56:45.260387,0 days 00:00:19.806137,64,64,0.4877405929148006,2,0.21383452267750686,51,0.000593920369221968,1,4,4,1,35,7,COMPLETE
12,0.07323469966650009,2026-07-06 17:56:45.279116,2026-07-06 17:57:15.413654,0 days 00:00:30.134538,64,32,0.496967359676423,1,0.20418060408655114,51,0.0015392109544501828,1,4,4,1,35,7,COMPLETE
13,0.07683835178613663,2026-07-06 17:57:15.437903,2026-07-06 17:57:26.886364,0 days 00:00:11.448461,64,32,0.4205140762350744,1,0.17858026776769928,51,0.0019437910960201981,1,32,4,1,35,7,COMPLETE
14,0.082349494099617,2026-07-06 17:57:26.902797,2026-07-06 17:57:38.397335,0 days 00:00:11.494538,64,32,0.4337093289833396,1,0.08219240194901596,51,0.009079639057292843,1,4,4,1,22,3,PRUNED
15,0.07696990668773651,2026-07-06 17:57:38.412172,2026-07-06 17:57:48.207654,0 days 00:00:09.795482,64,32,0.4339989645811576,2,0.26203112992379657,31,0.0019487471157994022,1,16,4,1,35,5,COMPLETE
16,0.08816568553447723,2026-07-06 17:57:48.223744,2026-07-06 17:57:56.413816,0 days 00:00:08.190072,64,32,0.48488228196387917,1,0.1374506892689108,31,0.0002752648893438722,2,4,8,1,35,7,PRUNED
17,0.07345934212207794,2026-07-06 17:57:56.428675,2026-07-06 17:58:10.498407,0 days 00:00:14.069732,64,32,0.23508482333784075,2,0.30451680563750855,51,0.0017490799547902386,1,16,4,1,35,5,COMPLETE
18,0.23080497980117798,2026-07-06 17:58:10.517295,2026-07-06 17:58:14.689850,0 days 00:00:04.172555,256,32,0.18395941970545332,1,0.20485768791467107,51,0.00016224524927890146,2,32,4,1,22,7,PRUNED
19,,2026-07-06 17:58:14.707991,2026-07-06 17:58:17.853517,0 days 00:00:03.145526,512,256,0.22126619418938173,2,0.32051532949269945,51,0.0011986157465200494,1,16,8,1,70,3,PRUNED
20,0.07782864570617676,2026-07-06 17:58:17.872007,2026-07-06 17:58:34.433207,0 days 00:00:16.561200,64,32,0.11868904493238813,3,0.4644854476629633,51,0.003945147615756473,1,4,4,1,35,7,COMPLETE
21,0.0732414722442627,2026-07-06 17:58:34.458396,2026-07-06 17:58:49.450849,0 days 00:00:14.992453,64,32,0.38090826166934383,2,0.2821332064303992,51,0.0013604832156070947,1,16,4,1,35,5,COMPLETE
22,0.0731116309762001,2026-07-06 17:58:49.467926,2026-07-06 17:59:04.206835,0 days 00:00:14.738909,64,32,0.32842653727336557,2,0.28674836234858914,51,0.0010761327448685209,1,16,4,1,35,5,COMPLETE
23,0.07552795857191086,2026-07-06 17:59:04.231788,2026-07-06 17:59:19.180209,0 days 00:00:14.948421,64,32,0.3309916102290908,1,0.1257917986742068,51,0.0007970349445702332,1,16,4,1,35,5,COMPLETE
24,0.07377327978610992,2026-07-06 17:59:19.197226,2026-07-06 17:59:33.738004,0 days 00:00:14.540778,64,32,0.3720666466089279,2,0.2589444738450068,51,0.00028333647107785123,1,16,4,1,35,5,COMPLETE
25,0.07628549635410309,2026-07-06 17:59:33.756288,2026-07-06 17:59:51.637491,0 days 00:00:17.881203,64,32,0.3170948449420638,3,0.023051599093238506,13,0.002639086845210039,1,16,4,1,35,5,COMPLETE
26,0.08063740283250809,2026-07-06 17:59:51.654339,2026-07-06 18:00:00.006530,0 days 00:00:08.352191,64,32,0.4660213687643512,1,0.34587985771567337,51,0.006896937067353883,2,4,4,1,35,5,PRUNED
27,,2026-07-06 18:00:00.026954,2026-07-06 18:00:02.931261,0 days 00:00:02.904307,512,64,0.27628516654885854,2,0.18454727283746442,51,0.0012189485994306105,1,32,4,1,70,5,PRUNED
28,0.07294604927301407,2026-07-06 18:00:02.948597,2026-07-06 18:00:16.370472,0 days 00:00:13.421875,256,256,0.3927789307860739,1,0.28176144684915994,51,0.00038924644873525164,1,16,2,1,22,3,COMPLETE
29,0.08392062038183212,2026-07-06 18:00:16.394461,2026-07-06 18:00:20.050385,0 days 00:00:03.655924,256,256,0.45159884713337645,1,0.24551392552252602,51,0.0004404828276231618,1,4,2,1,22,3,PRUNED
30,0.08291535824537277,2026-07-06 18:00:20.065772,2026-07-06 18:00:25.079389,0 days 00:00:05.013617,256,256,0.29154695912256295,1,0.2142810690566721,13,0.0002458295675126138,2,4,2,1,22,3,PRUNED
31,0.09125697612762451,2026-07-06 18:00:25.096927,2026-07-06 18:00:29.316510,0 days 00:00:04.219583,256,256,0.39542903296073467,1,0.2833332954537029,51,0.0009463267822600615,1,16,2,1,22,3,PRUNED
32,0.07269619405269623,2026-07-06 18:00:29.330730,2026-07-06 18:00:38.737219,0 days 00:00:09.406489,256,256,0.3527057647115047,3,0.2279246507068139,51,0.00037681002211338056,1,16,2,1,22,7,COMPLETE
33,0.07963328063488007,2026-07-06 18:00:38.772811,2026-07-06 18:00:45.878150,0 days 00:00:07.105339,256,256,0.34722021979792017,3,0.2346316691490013,27,0.00042100824377659673,1,16,2,1,22,7,COMPLETE
34,0.07092822343111038,2026-07-06 18:00:45.895115,2026-07-06 18:00:55.287020,0 days 00:00:09.391905,256,256,0.3222005482423507,3,0.18550313066719137,51,0.0001385051157761346,1,16,2,1,22,7,COMPLETE
35,0.07276353240013123,2026-07-06 18:00:55.310138,2026-07-06 18:01:04.579933,0 days 00:00:09.269795,256,256,0.30618235264836213,3,0.34709697438275633,51,0.00015855774857991068,1,16,2,1,22,7,COMPLETE
36,0.07245923578739166,2026-07-06 18:01:04.596540,2026-07-06 18:01:13.614239,0 days 00:00:09.017699,256,256,0.30167540112372065,3,0.35461878451775775,51,0.00014918032378859937,1,16,2,1,22,7,COMPLETE
37,0.08517458289861679,2026-07-06 18:01:13.634932,2026-07-06 18:01:18.857227,0 days 00:00:05.222295,256,256,0.24718773216165818,3,0.34766685263521035,27,0.000113215169014503,1,16,2,1,22,7,PRUNED
38,0.6707375049591064,2026-07-06 18:01:18.873455,2026-07-06 18:01:24.347221,0 days 00:00:05.473766,256,256,0.2848344555257848,3,0.4354540553723595,51,0.00016570748707177158,1,16,2,0,22,7,PRUNED
39,0.08757531642913818,2026-07-06 18:01:24.363754,2026-07-06 18:01:30.908227,0 days 00:00:06.544473,256,256,0.1901083527511592,4,0.3435668171583209,51,5.2924291912650157e-05,1,8,2,1,22,7,PRUNED
40,1.7837904691696167,2026-07-06 18:01:30.924468,2026-07-06 18:01:39.568717,0 days 00:00:08.644249,256,256,0.3083580505357172,3,0.37211650663424223,27,1.4655308132182719e-05,2,16,2,0,22,7,PRUNED
41,0.07117430120706558,2026-07-06 18:01:39.596911,2026-07-06 18:01:48.948869,0 days 00:00:09.351958,256,256,0.3518306891293119,3,0.1703760495689789,51,0.0001564560391553784,1,16,2,1,22,7,COMPLETE
42,0.07133925706148148,2026-07-06 18:01:48.966611,2026-07-06 18:01:58.596146,0 days 00:00:09.629535,256,256,0.35355474851782515,3,0.1024048686402763,51,0.00015548875149120237,1,16,2,1,22,7,COMPLETE
43,0.072017140686512,2026-07-06 18:01:58.613607,2026-07-06 18:02:08.164737,0 days 00:00:09.551130,256,256,0.36639527659927934,3,0.10661139857438506,51,7.750838081752171e-05,1,16,2,1,22,7,COMPLETE
44,0.08411476761102676,2026-07-06 18:02:08.181638,2026-07-06 18:02:14.362368,0 days 00:00:06.180730,256,256,0.3515495068745757,4,0.10546351489803268,51,8.367989376316575e-05,1,16,2,1,22,7,PRUNED
45,0.29506251215934753,2026-07-06 18:02:14.380227,2026-07-06 18:02:19.976262,0 days 00:00:05.596035,128,128,0.40479002725251173,3,0.03162320368951377,13,2.9410877936707994e-05,1,8,2,0,180,7,PRUNED
46,0.085675448179245,2026-07-06 18:02:19.994620,2026-07-06 18:02:25.137531,0 days 00:00:05.142911,256,256,0.2685790218242443,3,0.1616236267855705,31,5.985413122746056e-05,1,16,2,1,22,7,PRUNED
47,0.09290356934070587,2026-07-06 18:02:25.152137,2026-07-06 18:02:29.040475,0 days 00:00:03.888338,256,64,0.3591488011690442,4,0.06942165875133502,51,0.0001109754876937693,1,16,2,1,22,7,PRUNED
48,1.6636654138565063,2026-07-06 18:02:29.056443,2026-07-06 18:02:34.225092,0 days 00:00:05.168649,256,256,0.33544486026211146,3,0.10446240654812139,51,3.646021845347369e-05,1,16,2,0,22,7,PRUNED
49,0.08785653114318848,2026-07-06 18:02:34.240019,2026-07-06 18:02:51.776743,0 days 00:00:17.536724,128,256,0.30157202201642097,3,0.051739260903947266,51,0.0002203680862089214,3,32,2,1,70,7,PRUNED
