number,value,datetime_start,datetime_complete,duration,params_batch_size,params_dim,params_dropout,params_ffn_ratio,params_head_dropout,params_large_size,params_learning_rate,params_num_blocks,params_patch_size,params_patch_stride,params_revin,params_seq_len,params_small_size,state
0,0.09461570531129837,2026-07-06 17:37:21.100176,2026-07-06 17:37:56.177828,0 days 00:00:35.077652,64,64,0.291852008161989,3,0.23815673679605814,27,0.00035763762396944974,1,4,4,1,35,7,COMPLETE
1,inf,2026-07-06 17:37:56.206101,2026-07-06 17:38:06.543546,0 days 00:00:10.337445,512,32,0.19434974952326384,3,0.32380707175110435,27,0.00350668976908996,1,16,4,1,70,7,COMPLETE
2,0.09255675226449966,2026-07-06 17:38:06.561091,2026-07-06 17:38:39.230928,0 days 00:00:32.669837,64,32,0.41163895494390906,2,0.27845522191686917,31,0.0014305501212271464,1,16,4,1,35,5,COMPLETE
3,0.6581600904464722,2026-07-06 17:38:39.254943,2026-07-06 17:39:01.673791,0 days 00:00:22.418848,256,128,0.3285813938142824,4,0.3759621314792384,51,1.5938434604644592e-05,2,8,4,0,70,7,COMPLETE
4,0.12646891176700592,2026-07-06 17:39:01.693712,2026-07-06 17:39:36.475525,0 days 00:00:34.781813,128,256,0.36812940779127545,4,0.0638611079970961,31,0.0006739423525182524,2,16,2,0,180,5,COMPLETE
5,0.18334688246250153,2026-07-06 17:39:36.492899,2026-07-06 17:40:01.066643,0 days 00:00:24.573744,256,64,0.374526061545389,2,0.14621593305583735,27,0.00010681155397985272,3,8,4,0,180,5,COMPLETE
6,0.41687873005867004,2026-07-06 17:40:01.083813,2026-07-06 17:40:20.962245,0 days 00:00:19.878432,128,128,0.11064386357544315,4,0.39791512970814935,31,4.199840739184541e-05,1,8,2,0,35,5,COMPLETE
7,0.3808230459690094,2026-07-06 17:40:20.979429,2026-07-06 17:40:50.032359,0 days 00:00:29.052930,128,128,0.03024048018544978,4,0.38139464821825203,31,2.694702095461319e-05,2,8,8,0,180,3,COMPLETE
8,0.40626418590545654,2026-07-06 17:40:50.052223,2026-07-06 17:41:19.659833,0 days 00:00:29.607610,128,128,0.03839956196147254,3,0.4198591726758106,13,7.463254342348514e-05,3,4,2,0,180,5,COMPLETE
9,inf,2026-07-06 17:41:19.677453,2026-07-06 17:41:53.240311,0 days 00:00:33.562858,512,256,0.2609338345171348,2,0.3136205753132437,27,0.0006257461452214479,3,32,2,0,35,3,COMPLETE
10,0.09377854317426682,2026-07-06 17:41:53.296105,2026-07-06 17:42:21.849066,0 days 00:00:28.552961,64,32,0.49436162477214607,1,0.4953795939149921,13,0.005094586577780977,2,16,8,1,22,5,COMPLETE
11,0.09550467878580093,2026-07-06 17:42:21.865950,2026-07-06 17:42:38.369546,0 days 00:00:16.503596,64,32,0.49326752721461425,1,0.49090625520977044,13,0.00910776997402062,2,16,8,1,22,5,COMPLETE
12,0.09302316606044769,2026-07-06 17:42:38.385517,2026-07-06 17:43:04.134836,0 days 00:00:25.749319,64,32,0.49709499822707953,1,0.2075012269600648,13,0.00232114607304776,1,16,8,1,22,5,COMPLETE
13,0.09214005619287491,2026-07-06 17:43:04.151629,2026-07-06 17:43:16.340733,0 days 00:00:12.189104,64,32,0.4205140762350744,2,0.20805765077865385,51,0.0019437910960201981,1,16,8,1,22,5,COMPLETE
14,0.09584470838308334,2026-07-06 17:43:16.364091,2026-07-06 17:43:30.869960,0 days 00:00:14.505869,64,32,0.4128277629344,2,0.13774600619792254,51,0.0014295503615758428,1,32,4,1,22,5,COMPLETE
15,0.0917714461684227,2026-07-06 17:43:30.888951,2026-07-06 17:44:03.969669,0 days 00:00:33.080718,64,32,0.41320944825130645,2,0.2572917083054789,51,0.0002152599730045731,1,16,8,1,35,3,COMPLETE
16,0.08986646682024002,2026-07-06 17:44:03.994603,2026-07-06 17:44:37.052384,0 days 00:00:33.057781,64,32,0.4304934457317817,2,0.17613245136077615,51,0.0002101297347166039,1,16,8,1,22,3,COMPLETE
17,0.0953911542892456,2026-07-06 17:44:37.077703,2026-07-06 17:44:51.481243,0 days 00:00:14.403540,64,32,0.21219665787312886,3,0.035944719924361296,51,0.00018056679233213678,1,16,8,1,35,3,COMPLETE
18,0.12392929196357727,2026-07-06 17:44:51.497850,2026-07-06 17:44:57.392758,0 days 00:00:05.894908,256,256,0.45297731419223425,1,0.12531847582954408,51,0.00019157549079315596,2,4,8,1,70,3,PRUNED
19,,2026-07-06 17:44:57.410993,2026-07-06 17:44:59.485775,0 days 00:00:02.074782,512,64,0.33510247569697305,2,0.10159539666879455,51,0.0004386924054979413,1,32,8,1,22,3,PRUNED
20,0.10262153297662735,2026-07-06 17:44:59.503589,2026-07-06 17:45:05.944409,0 days 00:00:06.440820,64,32,0.25946752321269184,3,0.1885339107670815,51,6.308186222072075e-05,1,16,8,1,35,3,PRUNED
21,0.08969384431838989,2026-07-06 17:45:05.959009,2026-07-06 17:45:38.843221,0 days 00:00:32.884212,64,32,0.4263679322595283,2,0.24922975309209322,51,0.00020582042433744434,1,16,8,1,22,3,COMPLETE
22,0.0896734744310379,2026-07-06 17:45:38.867757,2026-07-06 17:46:12.231787,0 days 00:00:33.364030,64,32,0.4477900511051181,2,0.24578449503678093,51,0.00020531078465844987,1,16,8,1,22,3,COMPLETE
23,0.08958183228969574,2026-07-06 17:46:12.256356,2026-07-06 17:46:44.796706,0 days 00:00:32.540350,64,32,0.44793042791742277,2,0.17026294793537144,51,0.00011044229376134246,1,16,8,1,22,3,COMPLETE
24,0.10901965945959091,2026-07-06 17:46:44.820426,2026-07-06 17:46:51.801127,0 days 00:00:06.980701,64,32,0.46484856867594876,1,0.30068283028769094,51,8.964728297772542e-05,1,16,8,1,22,3,PRUNED
25,0.11620482057332993,2026-07-06 17:46:51.819116,2026-07-06 17:46:58.650614,0 days 00:00:06.831498,64,32,0.36272789342099954,2,0.2514170721370061,51,1.0934613858022874e-05,1,16,8,1,22,3,PRUNED
26,0.1165812611579895,2026-07-06 17:46:58.668349,2026-07-06 17:47:08.040306,0 days 00:00:09.371957,64,32,0.45612718229396043,3,0.34587985771567326,51,3.8222176157113576e-05,2,16,8,1,22,3,PRUNED
27,,2026-07-06 17:47:08.057708,2026-07-06 17:47:10.439824,0 days 00:00:02.382116,512,64,0.3774646147147591,2,0.21892843163800277,51,0.00011377609676693587,1,4,8,1,22,3,PRUNED
28,0.09842510521411896,2026-07-06 17:47:10.460841,2026-07-06 17:47:15.548414,0 days 00:00:05.087573,256,256,0.3277290005831943,1,0.0002909373198785592,51,0.00035991683505658443,1,32,8,1,22,3,COMPLETE
29,0.09138591587543488,2026-07-06 17:47:15.565024,2026-07-06 17:47:48.891644,0 days 00:00:33.326620,64,64,0.4566122606740748,3,0.16704297367914647,27,0.0008188965686005153,1,4,2,1,22,7,COMPLETE
30,0.094105064868927,2026-07-06 17:47:48.908253,2026-07-06 17:48:22.469683,0 days 00:00:33.561430,64,32,0.2776644144538803,2,0.2794794450337952,51,0.00032874239396635073,2,16,8,1,22,7,COMPLETE
31,0.08961982280015945,2026-07-06 17:48:22.488793,2026-07-06 17:48:55.403431,0 days 00:00:32.914638,64,32,0.4356379190755369,2,0.18041312932812972,51,0.000137916317299503,1,16,8,1,22,3,COMPLETE
32,0.08950544148683548,2026-07-06 17:48:55.420497,2026-07-06 17:49:28.335644,0 days 00:00:32.915147,64,32,0.39063087330495605,2,0.23046137888107232,51,0.0001288524513766388,1,16,8,1,22,3,COMPLETE
33,0.10779041796922684,2026-07-06 17:49:28.360292,2026-07-06 17:49:34.793307,0 days 00:00:06.433015,64,32,0.387355417269045,2,0.08919759597513455,51,0.00012224484156971526,1,16,8,1,70,3,PRUNED
34,0.09611814469099045,2026-07-06 17:49:34.810472,2026-07-06 17:50:01.786303,0 days 00:00:26.975831,64,32,0.3386291996417953,3,0.233250968995178,51,6.303106143033457e-05,1,16,4,1,22,3,PRUNED
35,,2026-07-06 17:50:01.809689,2026-07-06 17:50:04.295751,0 days 00:00:02.486062,512,32,0.31092869410063606,2,0.18398557258431852,31,3.593438247056222e-05,1,16,8,1,70,7,PRUNED
36,0.09337760508060455,2026-07-06 17:50:04.314194,2026-07-06 17:50:21.513464,0 days 00:00:17.199270,64,32,0.3965155560710995,2,0.27891870005129027,27,0.00014856902599430014,1,16,4,1,22,3,COMPLETE
37,0.08799947053194046,2026-07-06 17:50:21.530289,2026-07-06 17:50:36.105662,0 days 00:00:14.575373,256,128,0.46675519307362745,3,0.15370048808490222,51,0.00029133433846483876,1,8,8,1,22,3,COMPLETE
38,2.796225070953369,2026-07-06 17:50:36.130607,2026-07-06 17:50:41.667341,0 days 00:00:05.536734,256,128,0.36455949627560436,3,0.1556177443001859,31,1.8250061872971054e-05,1,8,2,0,180,3,PRUNED
39,0.1479111611843109,2026-07-06 17:50:41.685485,2026-07-06 17:50:44.819395,0 days 00:00:03.133910,256,128,0.4821247922733295,4,0.10915851630519799,51,0.0003240476520090712,1,8,8,1,22,7,PRUNED
40,0.37838858366012573,2026-07-06 17:50:44.838295,2026-07-06 17:50:49.007376,0 days 00:00:04.169081,256,128,0.39922007786578817,3,0.0696836392310117,27,5.586440073592809e-05,2,8,4,0,70,3,PRUNED
41,0.09390928596258163,2026-07-06 17:50:49.023114,2026-07-06 17:50:56.703005,0 days 00:00:07.679891,128,128,0.44304218226052994,2,0.19743723151667342,51,0.0005363146626648759,1,8,8,1,22,3,COMPLETE
42,0.09771391749382019,2026-07-06 17:50:56.721196,2026-07-06 17:51:06.857554,0 days 00:00:10.136358,256,128,0.47129872626036345,2,0.2273937062059871,51,0.0009508692218524136,1,8,8,1,22,3,PRUNED
43,0.13795453310012817,2026-07-06 17:51:06.876478,2026-07-06 17:51:13.050519,0 days 00:00:06.174041,128,256,0.4402575264350545,3,0.14313277660638332,51,0.0002704852985626837,1,8,8,1,180,3,PRUNED
44,0.08525599539279938,2026-07-06 17:51:13.069255,2026-07-06 17:51:23.401822,0 days 00:00:10.332567,256,128,0.4744918542935045,1,0.16435589854180058,13,9.048320833685613e-05,1,16,8,1,22,3,COMPLETE
45,0.7604607343673706,2026-07-06 17:51:23.426721,2026-07-06 17:51:26.392827,0 days 00:00:02.966106,256,128,0.4745473122321918,1,0.12470628029896424,13,9.070757787012871e-05,1,16,2,0,22,3,PRUNED
46,0.09097403287887573,2026-07-06 17:51:26.411650,2026-07-06 17:51:41.639954,0 days 00:00:15.228304,256,128,0.11716491296971449,1,0.16535270924046389,13,0.00012968426551090805,3,32,8,1,22,3,COMPLETE
47,0.11522777378559113,2026-07-06 17:51:41.664884,2026-07-06 17:51:44.667787,0 days 00:00:03.002903,256,128,0.4982223873243208,4,0.0733406286486282,13,2.517167779067534e-05,1,4,8,1,22,3,PRUNED
48,0.4144209325313568,2026-07-06 17:51:44.682301,2026-07-06 17:51:47.491313,0 days 00:00:02.809012,256,128,0.35360766282835315,1,0.21097217001450727,13,8.394842750926229e-05,1,16,8,0,180,7,PRUNED
49,0.1102663204073906,2026-07-06 17:51:47.505909,2026-07-06 17:51:50.357179,0 days 00:00:02.851270,256,64,0.4088249068053898,1,0.12653207458227028,13,4.660824954083241e-05,1,8,4,1,22,3,PRUNED
