number,value,datetime_start,datetime_complete,duration,params_batch_size,params_dim,params_dropout,params_event_dim,params_ffn_ratio,params_head_dropout,params_large_size,params_learning_rate,params_num_blocks,params_patch_size,params_patch_stride,params_revin,params_seq_len,params_small_size,state
0,0.09186828136444092,2026-07-06 19:00:11.122971,2026-07-06 19:00:51.505880,0 days 00:00:40.382909,64,64,0.291852008161989,16,3,0.23815673679605814,27,0.00035763762396944974,1,4,4,1,35,7,COMPLETE
1,,2026-07-06 19:00:51.542043,2026-07-06 19:02:27.552548,0 days 00:01:36.010505,256,256,0.03191824943020566,4,2,0.20722058912687585,51,9.925050980411863e-05,3,16,2,0,180,7,FAIL
2,0.0918659120798111,2026-07-06 19:09:09.137432,2026-07-06 19:09:51.017990,0 days 00:00:41.880558,64,64,0.291852008161989,16,3,0.23815673679605814,27,0.00035763762396944974,1,4,4,1,35,7,COMPLETE
3,0.12268759310245514,2026-07-06 19:09:51.050662,2026-07-06 19:13:41.512431,0 days 00:03:50.461769,256,256,0.03191824943020566,4,2,0.20722058912687585,51,9.925050980411863e-05,3,16,2,0,180,7,COMPLETE
4,0.12276862561702728,2026-07-06 19:13:41.533172,2026-07-06 19:14:10.863737,0 days 00:00:29.330565,256,64,0.32427273968312137,16,4,0.17166330643098365,13,0.0007377546551050726,2,8,8,1,180,5,COMPLETE
5,inf,2026-07-06 19:14:10.880433,2026-07-06 19:16:59.240121,0 days 00:02:48.359688,512,256,0.2953483415211873,16,3,0.4272670540626873,13,0.0007906148915498253,2,16,8,1,180,3,COMPLETE
6,inf,2026-07-06 19:16:59.313174,2026-07-06 19:17:35.973432,0 days 00:00:36.660258,512,64,0.47008273374161524,4,1,0.035242694984015666,51,0.0009286704262430221,3,16,4,0,70,3,COMPLETE
7,0.16967616975307465,2026-07-06 19:17:35.992824,2026-07-06 19:18:52.078465,0 days 00:01:16.085641,256,256,0.4378021490975351,4,4,0.13137477466781855,51,0.0009054380723412238,3,4,4,0,70,7,COMPLETE
8,0.09012662619352341,2026-07-06 19:18:52.094837,2026-07-06 19:19:13.433807,0 days 00:00:21.338970,128,32,0.25497861028142726,16,3,0.4446755337497178,51,0.0001600770512713601,2,32,8,1,22,3,COMPLETE
9,0.388629674911499,2026-07-06 19:19:13.460960,2026-07-06 19:19:26.878814,0 days 00:00:13.417854,128,64,0.3232662591190832,16,3,0.4396666605099492,13,0.001863698341070448,2,32,2,0,22,3,COMPLETE
10,0.09025033563375473,2026-07-06 19:19:26.898404,2026-07-06 19:19:47.300901,0 days 00:00:20.402497,256,32,0.23462532858725177,8,2,0.3815139085978967,13,0.00946258171025473,3,4,8,1,35,3,COMPLETE
11,0.1048656776547432,2026-07-06 19:19:47.317384,2026-07-06 19:19:57.873354,0 days 00:00:10.555970,128,32,0.06574214397202527,8,1,0.33503118022506473,31,1.3758372295817192e-05,1,32,8,1,22,5,PRUNED
12,0.10007986426353455,2026-07-06 19:19:57.891902,2026-07-06 19:20:12.756019,0 days 00:00:14.864117,128,32,0.16137660577244617,8,2,0.4968645215163061,31,0.00976069140606663,2,32,8,1,35,3,PRUNED
13,0.09965541958808899,2026-07-06 19:20:12.779103,2026-07-06 19:20:23.645046,0 days 00:00:10.865943,256,32,0.18647771755476167,8,2,0.34278344096249874,13,0.008121076791370361,3,8,8,1,22,3,PRUNED
14,0.10075237601995468,2026-07-06 19:20:23.665086,2026-07-06 19:20:39.401132,0 days 00:00:15.736046,128,128,0.18957581169872495,8,2,0.33453844616670836,51,3.3421216903743966e-05,2,4,8,1,22,3,PRUNED
15,0.08833744376897812,2026-07-06 19:20:39.420128,2026-07-06 19:20:58.869504,0 days 00:00:19.449376,256,32,0.11137920701628785,8,3,0.4125830213684246,13,0.003952307478456322,3,32,8,1,35,3,COMPLETE
16,0.08696234226226807,2026-07-06 19:20:58.893433,2026-07-06 19:21:37.204384,0 days 00:00:38.310951,128,32,0.09690234411630594,16,4,0.4762786328768379,51,7.598184714057587e-05,2,32,8,1,22,3,COMPLETE
17,0.09429655969142914,2026-07-06 19:21:37.229051,2026-07-06 19:22:24.261144,0 days 00:00:47.032093,64,128,0.10036550093710797,8,4,0.4956523060189257,31,0.002616716871927636,3,32,2,1,35,5,COMPLETE
18,,2026-07-06 19:22:24.278844,2026-07-06 19:22:27.627752,0 days 00:00:03.348908,512,32,0.002923752661472226,8,4,0.38285561238135496,27,5.438033436616313e-05,1,32,8,1,70,3,PRUNED
19,1.4917463064193726,2026-07-06 19:22:27.652008,2026-07-06 19:22:32.461385,0 days 00:00:04.809377,256,32,0.11508066958939969,16,4,0.28684981658988695,51,1.9948908103357284e-05,2,32,8,0,22,3,PRUNED
20,0.0871400237083435,2026-07-06 19:22:32.479371,2026-07-06 19:22:59.460093,0 days 00:00:26.980722,128,32,0.12645358687948632,4,3,0.4035767589877146,13,0.00310034149608182,3,32,2,1,35,5,COMPLETE
21,0.1055544838309288,2026-07-06 19:22:59.476581,2026-07-06 19:23:33.059106,0 days 00:00:33.582525,128,128,0.14894805086145124,4,4,0.4987806968125068,13,0.0001821302111885039,2,8,2,1,35,5,PRUNED
22,0.08635931462049484,2026-07-06 19:23:33.079102,2026-07-06 19:24:00.344995,0 days 00:00:27.265893,128,32,0.08040169239816805,4,3,0.3976034379252718,13,0.003907616703302704,3,32,2,1,35,5,COMPLETE
23,0.08440566062927246,2026-07-06 19:24:00.369101,2026-07-06 19:24:40.072661,0 days 00:00:39.703560,128,32,0.0750931679204987,4,3,0.36903420636104134,13,0.004311298509350653,3,32,2,1,35,5,COMPLETE
24,0.08679112046957016,2026-07-06 19:24:40.096684,2026-07-06 19:25:07.688737,0 days 00:00:27.592053,128,32,0.057991291920815285,4,3,0.3016039025515336,13,0.0051503327669973845,3,32,2,1,35,5,COMPLETE
25,0.08645555377006531,2026-07-06 19:25:07.705485,2026-07-06 19:25:34.681842,0 days 00:00:26.976357,128,32,0.04580795049621933,4,3,0.28129956572259074,13,0.005787171485291556,3,32,2,1,35,5,COMPLETE
26,0.08549511432647705,2026-07-06 19:25:34.698664,2026-07-06 19:26:02.318970,0 days 00:00:27.620306,128,32,0.015942335066718688,4,3,0.26753610180662996,13,0.0017297544409873688,3,32,2,1,35,5,COMPLETE
27,0.09442532062530518,2026-07-06 19:26:02.336199,2026-07-06 19:26:23.206639,0 days 00:00:20.870440,128,32,0.021371342660130507,4,2,0.10816167622507603,13,0.002249389828200028,3,32,2,0,35,5,COMPLETE
28,0.0871291533112526,2026-07-06 19:26:23.222937,2026-07-06 19:26:50.345797,0 days 00:00:27.122860,128,32,0.0583921590415835,4,3,0.3575770320426643,13,0.0013701510800973686,3,32,2,1,35,5,COMPLETE
29,0.10644832998514175,2026-07-06 19:26:50.362114,2026-07-06 19:27:31.245528,0 days 00:00:40.883414,128,256,0.0005092486012824096,4,3,0.26462719735889284,13,0.0015843553449856641,3,16,2,1,35,5,PRUNED
30,0.10006413608789444,2026-07-06 19:27:31.266057,2026-07-06 19:28:10.492681,0 days 00:00:39.226624,64,128,0.07949869826556594,4,2,0.22042048020993513,27,0.0005157100140024797,3,8,2,1,35,5,PRUNED
31,0.08593670278787613,2026-07-06 19:28:10.516439,2026-07-06 19:28:37.572797,0 days 00:00:27.056358,128,32,0.1531270860041893,4,3,0.3699804286807096,13,0.004410358355489801,3,32,2,1,35,5,COMPLETE
32,0.08548638224601746,2026-07-06 19:28:37.589250,2026-07-06 19:29:04.444066,0 days 00:00:26.854816,128,32,0.13914482241426135,4,3,0.31323928615492985,13,0.004053003870961669,3,32,2,1,35,5,COMPLETE
33,0.0857282504439354,2026-07-06 19:29:04.462057,2026-07-06 19:29:31.295572,0 days 00:00:26.833515,128,32,0.2078797601906355,4,3,0.3211114460085719,13,0.0055061550447454135,3,32,2,1,35,5,COMPLETE
34,0.09806326776742935,2026-07-06 19:29:31.311902,2026-07-06 19:29:48.129029,0 days 00:00:16.817127,64,32,0.19886448768341775,4,3,0.3090098029135637,27,0.0013548703673374914,3,32,2,1,35,7,PRUNED
35,0.15300352871418,2026-07-06 19:29:48.143993,2026-07-06 19:30:05.874951,0 days 00:00:17.730958,128,64,0.22906717731203563,4,3,0.2546370781389638,13,0.006168456672875202,3,32,4,1,180,5,PRUNED
36,,2026-07-06 19:30:05.889365,2026-07-06 19:30:10.510764,0 days 00:00:04.621399,512,32,0.13627358556469116,4,3,0.19321474861450022,13,0.0030449877556693807,3,4,2,1,35,5,PRUNED
37,0.22540895640850067,2026-07-06 19:30:10.537973,2026-07-06 19:32:30.592914,0 days 00:02:20.054941,128,256,0.39795499562131165,4,3,0.23700217878870605,13,0.0004065947927397212,3,16,2,0,180,7,PRUNED
38,0.11232388019561768,2026-07-06 19:32:30.608316,2026-07-06 19:32:44.118220,0 days 00:00:13.509904,128,64,0.03070059498403798,4,2,0.3175167380139441,31,0.006832958697791457,3,32,4,1,70,5,PRUNED
39,,2026-07-06 19:32:44.134046,2026-07-06 19:32:50.098130,0 days 00:00:05.964084,512,32,0.22371072100956685,4,4,0.1739749135527931,13,0.0011439421849649258,3,8,2,1,35,5,PRUNED
40,0.2159074991941452,2026-07-06 19:32:50.127009,2026-07-06 19:35:17.799553,0 days 00:02:27.672544,64,256,0.28349208691189726,4,3,0.2641882385651523,27,0.002407574461009895,3,16,2,0,180,7,PRUNED
41,0.10610050708055496,2026-07-06 19:35:17.814952,2026-07-06 19:35:27.584491,0 days 00:00:09.769539,128,32,0.3563738551473547,4,2,0.22896362135572373,13,0.0005351659316821184,3,32,4,1,70,5,PRUNED
42,0.08585075289011002,2026-07-06 19:35:27.602439,2026-07-06 19:35:54.869050,0 days 00:00:27.266611,128,32,0.16632668826613947,4,3,0.36262967799587204,13,0.003707992824102836,3,32,2,1,35,5,COMPLETE
43,0.09614360332489014,2026-07-06 19:35:54.885423,2026-07-06 19:36:04.946916,0 days 00:00:10.061493,128,32,0.168554124468723,4,3,0.3561097208975793,13,0.001970207072047866,3,32,2,1,35,5,PRUNED
44,0.08537531644105911,2026-07-06 19:36:04.972197,2026-07-06 19:36:44.487328,0 days 00:00:39.515131,128,32,0.265658613796093,4,3,0.313984345375034,13,0.003421138674636282,3,32,2,1,35,5,COMPLETE
45,0.0860227718949318,2026-07-06 19:36:44.503882,2026-07-06 19:37:11.598519,0 days 00:00:27.094637,128,32,0.26395965145065153,4,3,0.312962866605992,13,0.005329537757554,3,32,2,1,35,5,COMPLETE
46,0.09339513629674911,2026-07-06 19:37:11.615554,2026-07-06 19:37:22.204384,0 days 00:00:10.588830,128,64,0.2068379741424508,4,3,0.28024700956597776,13,0.0009328262816647418,3,4,2,1,35,5,PRUNED
47,0.10211032629013062,2026-07-06 19:37:22.220230,2026-07-06 19:37:34.011286,0 days 00:00:11.791056,128,32,0.2535580267051741,16,3,0.3338977568128902,31,0.007681121991342104,3,32,2,1,35,5,PRUNED
48,0.1505122184753418,2026-07-06 19:37:34.026291,2026-07-06 19:37:41.799885,0 days 00:00:07.773594,128,32,0.49349360557859184,4,1,0.13233188777867458,13,0.0031187832350534155,2,32,2,0,35,7,PRUNED
49,,2026-07-06 19:37:41.816425,2026-07-06 19:37:46.192469,0 days 00:00:04.376044,512,32,0.32676567911028,4,3,0.4313876417973474,13,0.001773222225510457,3,16,4,1,35,5,PRUNED
50,0.12495269626379013,2026-07-06 19:37:46.213719,2026-07-06 19:38:03.507295,0 days 00:00:17.293576,256,128,0.08387454149471474,16,2,0.3251026593124512,13,0.00863513037255666,1,32,2,1,180,5,PRUNED
51,0.11332885175943375,2026-07-06 19:38:03.528257,2026-07-06 19:39:25.126005,0 days 00:01:21.597748,128,256,0.028716940615698017,4,4,0.034597059280148446,51,0.0007122161137623472,3,4,2,1,70,5,PRUNED
52,0.08569606393575668,2026-07-06 19:39:25.141276,2026-07-06 19:39:52.643535,0 days 00:00:27.502259,128,32,0.18166946826269623,4,3,0.35559166146495275,13,0.004023668368777843,3,32,2,1,35,5,COMPLETE
53,0.08467463403940201,2026-07-06 19:39:52.662141,2026-07-06 19:40:19.833966,0 days 00:00:27.171825,128,32,0.1749382171041457,4,3,0.28976142440527786,13,0.004399045606253569,3,32,2,1,35,5,COMPLETE
54,0.08551325649023056,2026-07-06 19:40:19.853908,2026-07-06 19:40:47.332019,0 days 00:00:27.478111,128,32,0.1238948352567574,4,3,0.30008920469401656,13,0.0025368394208101887,3,32,2,1,35,5,COMPLETE
55,0.08559006452560425,2026-07-06 19:40:47.348285,2026-07-06 19:41:14.397033,0 days 00:00:27.048748,128,32,0.133460627274963,4,3,0.29398945341284105,13,0.002613660335664805,3,32,2,1,35,5,COMPLETE
56,0.08555889874696732,2026-07-06 19:41:14.413509,2026-07-06 19:41:41.642398,0 days 00:00:27.228889,128,32,0.12197218283399258,4,3,0.2609936774535494,13,0.0021371497667768695,3,32,2,1,35,5,COMPLETE
57,0.0947926715016365,2026-07-06 19:41:41.659787,2026-07-06 19:41:53.409419,0 days 00:00:11.749632,128,32,0.1009315557627701,8,3,0.37905666937447147,31,0.0011513146371086762,3,8,2,1,35,5,PRUNED
58,0.09849710762500763,2026-07-06 19:41:53.429822,2026-07-06 19:41:59.516858,0 days 00:00:06.087036,256,32,0.04718146683886905,4,4,0.24515505948077304,13,0.003168748150754432,2,32,2,1,22,5,PRUNED
59,0.18433509767055511,2026-07-06 19:41:59.533466,2026-07-06 19:42:13.280823,0 days 00:00:13.747357,64,64,0.07381037153927003,16,3,0.2115509502349028,51,0.0017569093744432588,3,32,2,0,35,5,PRUNED
60,0.09242347627878189,2026-07-06 19:42:13.300871,2026-07-06 19:42:24.032448,0 days 00:00:10.731577,128,32,0.14281027259903617,4,3,0.45269248831415765,27,0.009746877027501197,3,32,4,1,35,7,PRUNED
61,0.10079604387283325,2026-07-06 19:42:24.048553,2026-07-06 19:42:37.767137,0 days 00:00:13.718584,128,128,0.10059670020580179,4,2,0.2760792900526283,13,0.004616070373763888,3,32,2,1,35,5,PRUNED
62,0.08591862767934799,2026-07-06 19:42:37.787364,2026-07-06 19:43:04.640966,0 days 00:00:26.853602,128,32,0.11848138215079464,4,3,0.298829879579551,13,0.0022047687926058713,3,32,2,1,35,5,COMPLETE
63,0.08571323752403259,2026-07-06 19:43:04.658168,2026-07-06 19:43:31.403906,0 days 00:00:26.745738,128,32,0.0186403363874615,4,3,0.26106136380022954,13,0.003332338929920474,3,32,2,1,35,5,COMPLETE
64,0.08540203422307968,2026-07-06 19:43:31.420531,2026-07-06 19:43:58.373420,0 days 00:00:26.952889,128,32,0.11733956482601554,4,3,0.3406047098661172,13,0.002523921278872023,3,32,2,1,35,5,COMPLETE
65,0.08492199331521988,2026-07-06 19:43:58.389946,2026-07-06 19:44:25.942631,0 days 00:00:27.552685,128,32,0.08933760031176188,4,3,0.3384969520081383,13,0.0026542168906624995,3,32,2,1,35,5,COMPLETE
66,0.08986728638410568,2026-07-06 19:44:25.959280,2026-07-06 19:44:36.772550,0 days 00:00:10.813270,128,32,0.046128863885741694,8,3,0.3448392014846867,13,0.006935946547102899,3,32,2,1,22,5,PRUNED
67,0.09588292241096497,2026-07-06 19:44:36.795651,2026-07-06 19:44:45.256603,0 days 00:00:08.460952,128,32,0.08787385093460252,4,3,0.39154789977205595,13,0.0013751927999485231,3,32,8,1,35,3,PRUNED
68,,2026-07-06 19:44:45.284614,2026-07-06 19:44:50.363316,0 days 00:00:05.078702,512,32,0.057943338025556596,4,3,0.41576384949036344,13,0.004886373868579817,3,8,2,1,35,5,PRUNED
69,0.10854274034500122,2026-07-06 19:44:50.384514,2026-07-06 19:45:03.737153,0 days 00:00:13.352639,128,32,0.1045227375674368,4,4,0.3461762335895888,13,0.00021897055984178933,3,4,2,1,70,5,PRUNED
70,0.10575994849205017,2026-07-06 19:45:03.758016,2026-07-06 19:45:10.785743,0 days 00:00:07.027727,256,32,0.014328734125293124,4,3,0.37459312866323036,51,0.004022900892350697,3,32,2,1,35,5,PRUNED
71,0.22207792103290558,2026-07-06 19:45:10.806522,2026-07-06 19:45:25.718563,0 days 00:00:14.912041,128,256,0.17505139682933743,16,3,0.3297786039011654,13,0.002653038951279558,1,32,2,0,35,5,PRUNED
72,0.08577079325914383,2026-07-06 19:45:25.746337,2026-07-06 19:45:52.988392,0 days 00:00:27.242055,128,32,0.14933467650824253,4,3,0.2982351993825668,13,0.002751702171959335,3,32,2,1,35,5,COMPLETE
73,0.09477291256189346,2026-07-06 19:45:53.005834,2026-07-06 19:46:03.216289,0 days 00:00:10.210455,128,32,0.07128873604492242,4,3,0.30803060655488435,13,0.0015078374215555517,3,32,2,1,35,5,PRUNED
74,0.08498728275299072,2026-07-06 19:46:03.236608,2026-07-06 19:46:30.056096,0 days 00:00:26.819488,128,32,0.13205717416432877,4,3,0.29066822979130064,13,0.003695025832878588,3,32,2,1,35,5,COMPLETE
75,0.08731988072395325,2026-07-06 19:46:30.078437,2026-07-06 19:46:41.776103,0 days 00:00:11.697666,128,32,0.09039732260832069,4,3,0.28567620367878815,13,0.006056097892340193,3,32,2,1,35,5,PRUNED
76,0.1110190749168396,2026-07-06 19:46:41.803977,2026-07-06 19:46:53.212413,0 days 00:00:11.408436,128,32,0.15269103071114176,4,3,0.005420151559238778,27,0.00361699434984315,3,16,8,1,180,3,PRUNED
77,0.09021002799272537,2026-07-06 19:46:53.235650,2026-07-06 19:47:04.788678,0 days 00:00:11.553028,128,32,0.11702592461482064,4,3,0.34215708971311626,31,0.00453455762956629,3,32,2,1,35,5,PRUNED
78,0.10247953236103058,2026-07-06 19:47:04.808384,2026-07-06 19:47:21.107547,0 days 00:00:16.299163,64,128,0.19049671838410567,8,3,0.27436705057967514,13,0.0019900980350164472,3,32,2,1,35,5,PRUNED
79,0.10114016383886337,2026-07-06 19:47:21.122959,2026-07-06 19:47:31.790015,0 days 00:00:10.667056,128,64,0.05561346492942887,4,3,0.24847746443497695,13,0.0011183804606480726,3,32,2,1,35,7,PRUNED
80,0.09465420246124268,2026-07-06 19:47:31.805868,2026-07-06 19:47:42.244230,0 days 00:00:10.438362,128,32,0.3899703857969501,4,3,0.3198883977356515,13,0.0034721896441935124,3,32,4,1,22,5,PRUNED
81,,2026-07-06 19:47:42.258930,2026-07-06 19:47:46.838401,0 days 00:00:04.579471,512,32,0.13822173747839034,4,3,0.38931227242652866,13,0.006160366099723622,3,32,2,1,35,5,PRUNED
